c:\users\woojin choi\socket\client\x64\debug\vc143.pdb
c:\users\woojin choi\socket\client\x64\debug\vc143.idb
c:\users\woojin choi\socket\client\x64\debug\imgui_widgets.obj
c:\users\woojin choi\socket\client\x64\debug\imgui_tables.obj
c:\users\woojin choi\socket\client\x64\debug\imgui_impl_win32.obj
c:\users\woojin choi\socket\client\x64\debug\imgui_impl_dx11.obj
c:\users\woojin choi\socket\client\x64\debug\imgui_draw.obj
c:\users\woojin choi\socket\client\x64\debug\imgui_demo.obj
c:\users\woojin choi\socket\client\x64\debug\imgui.obj
c:\users\woojin choi\socket\client\x64\debug\time.obj
c:\users\woojin choi\socket\client\x64\debug\scene.obj
c:\users\woojin choi\socket\client\x64\debug\graphics.obj
c:\users\woojin choi\socket\client\x64\debug\core.obj
c:\users\woojin choi\socket\client\x64\debug\client.obj
c:\users\woojin choi\socket\client\x64\debug\mainscene.obj
c:\users\woojin choi\socket\client\x64\debug\networkmanager.obj
c:\users\woojin choi\socket\client\x64\debug\stb_vorbis.obj
c:\users\nexol\projects\vcpp\socket\client\x64\debug\vc143.pdb
c:\users\nexol\projects\vcpp\socket\client\x64\debug\vc143.idb
c:\users\nexol\projects\vcpp\socket\client\x64\debug\imgui_widgets.obj
c:\users\nexol\projects\vcpp\socket\client\x64\debug\imgui_tables.obj
c:\users\nexol\projects\vcpp\socket\client\x64\debug\imgui_impl_win32.obj
c:\users\nexol\projects\vcpp\socket\client\x64\debug\imgui_impl_dx11.obj
c:\users\nexol\projects\vcpp\socket\client\x64\debug\imgui_draw.obj
c:\users\nexol\projects\vcpp\socket\client\x64\debug\imgui_demo.obj
c:\users\nexol\projects\vcpp\socket\client\x64\debug\imgui.obj
c:\users\nexol\projects\vcpp\socket\client\x64\debug\mainscene.obj
c:\users\nexol\projects\vcpp\socket\client\x64\debug\time.obj
c:\users\nexol\projects\vcpp\socket\client\x64\debug\scenemanager.obj
c:\users\nexol\projects\vcpp\socket\client\x64\debug\scene.obj
c:\users\nexol\projects\vcpp\socket\client\x64\debug\networkmanager.obj
c:\users\nexol\projects\vcpp\socket\client\x64\debug\graphics.obj
c:\users\nexol\projects\vcpp\socket\client\x64\debug\core.obj
c:\users\nexol\projects\vcpp\socket\client\x64\debug\client.obj
c:\users\nexol\projects\vcpp\socket\client\x64\debug\stb_vorbis.obj
c:\users\woojin choi\socket\x64\debug\client.exe
c:\users\woojin choi\socket\client\x64\debug\client.ilk
c:\users\woojin choi\socket\x64\debug\client.pdb
c:\users\nexol\projects\vcpp\socket\x64\debug\client.exe
c:\users\nexol\projects\vcpp\socket\client\x64\debug\client.ilk
c:\users\nexol\projects\vcpp\socket\x64\debug\client.pdb
c:\users\woojin choi\socket\client\x64\debug\client.res
c:\users\nexol\projects\vcpp\socket\client\x64\debug\client.res
c:\users\nexol\projects\vcpp\socket\client\x64\debug\client.tlog\cl.command.1.tlog
c:\users\nexol\projects\vcpp\socket\client\x64\debug\client.tlog\cl.items.tlog
c:\users\nexol\projects\vcpp\socket\client\x64\debug\client.tlog\cl.read.1.tlog
c:\users\nexol\projects\vcpp\socket\client\x64\debug\client.tlog\cl.write.1.tlog
c:\users\nexol\projects\vcpp\socket\client\x64\debug\client.tlog\link.command.1.tlog
c:\users\nexol\projects\vcpp\socket\client\x64\debug\client.tlog\link.read.1.tlog
c:\users\nexol\projects\vcpp\socket\client\x64\debug\client.tlog\link.write.1.tlog
c:\users\nexol\projects\vcpp\socket\client\x64\debug\client.tlog\rc.command.1.tlog
c:\users\nexol\projects\vcpp\socket\client\x64\debug\client.tlog\rc.read.1.tlog
c:\users\nexol\projects\vcpp\socket\client\x64\debug\client.tlog\rc.write.1.tlog
